<?xml version="1.0" encoding="UTF-8"?>
<!-- Generated by org.testng.reporters.JUnitReportReporter -->
<testsuite hostname="DESKTOP-JJE516S" failures="0" tests="1" name="testcomponent.RegTest" time="54.441" errors="0" timestamp="2023-06-06T13:28:45 IST" skipped="0">
  <testcase classname="testcomponent.RegTest" name="test05" time="54.441"/>
  <system-out/>
</testsuite> <!-- testcomponent.RegTest -->
