<?xml version="1.0" encoding="UTF-8"?>
<!-- Generated by org.testng.reporters.JUnitReportReporter -->
<testsuite hostname="DESKTOP-JJE516S" failures="0" tests="1" name="testcomponent.RegTest" time="81.623" errors="0" timestamp="2023-06-05T16:06:16 IST" skipped="0">
  <testcase classname="testcomponent.RegTest" name="test10" time="81.623"/>
  <system-out/>
</testsuite> <!-- testcomponent.RegTest -->
