<?xml version="1.0" encoding="UTF-8"?>
<!-- Generated by org.testng.reporters.JUnitReportReporter -->
<testsuite hostname="DESKTOP-JJE516S" failures="0" tests="12" name="testcomponent.RegTest" time="397.043" errors="0" timestamp="2023-06-08T13:37:42 IST" skipped="0">
  <testcase classname="testcomponent.RegTest" name="test01" time="2.497"/>
  <system-out/>
  <testcase classname="testcomponent.RegTest" name="test03" time="16.656"/>
  <system-out/>
  <testcase classname="testcomponent.RegTest" name="test04" time="15.248"/>
  <system-out/>
  <testcase classname="testcomponent.RegTest" name="test08" time="38.586"/>
  <system-out/>
  <testcase classname="testcomponent.RegTest" name="test12" time="12.420"/>
  <system-out/>
  <testcase classname="testcomponent.RegTest" name="test07" time="25.198"/>
  <system-out/>
  <testcase classname="testcomponent.RegTest" name="test09" time="36.370"/>
  <system-out/>
  <testcase classname="testcomponent.RegTest" name="test06" time="72.438"/>
  <system-out/>
  <testcase classname="testcomponent.RegTest" name="test02" time="2.451"/>
  <system-out/>
  <testcase classname="testcomponent.RegTest" name="test05" time="48.893"/>
  <system-out/>
  <testcase classname="testcomponent.RegTest" name="test10" time="76.952"/>
  <system-out/>
  <testcase classname="testcomponent.RegTest" name="test11" time="49.334"/>
  <system-out/>
</testsuite> <!-- testcomponent.RegTest -->
